2025-05-21 08:31:53,964 - INFO - [38673038] FETCH → GOOD: https://pmc.ncbi.nlm.nih.gov/articles/PMC11051180/pdf/jpm-14-00411.pdf
2025-05-21 08:31:54,241 - INFO - [38673038] GOOD STATUS  : 200
2025-05-21 08:31:54,242 - INFO - [38673038] GOOD CT       : text/html; charset=utf-8
2025-05-21 08:31:54,243 - INFO - [38673038] GOOD CL(header): 1285
2025-05-21 08:31:54,243 - INFO - [38673038] GOOD CL(actual): 1285
2025-05-21 08:31:54,244 - INFO - [38673038] GOOD SHA256   : f5ce7d2c71fedae9e6055566c5d20e665d6e6ec21ec140ac1d2806b92e6d1c63
2025-05-21 08:31:54,244 - INFO - [38673038] GOOD First256 : 0a0a0a0a3c68746d6c3e0a20203c686561643e0a202020203c6d657461206e616d653d2276696577706f72742220636f6e74656e743d2277696474683d6465766963652d77696474682c20696e697469616c2d7363616c653d312e30223e0a202020203c7469746c653e507265706172696e6720746f20646f776e6c6f6164202e2e2e3c2f7469746c653e0a202020203c7374796c6520747970653d22746578742f637373223e0a202020202020626f64797b666f6e742d73697a653a3172656d3b6c696e652d6865696768743a312e353b7d0a202020202020236d61696e7b77696474683a313030253b6d61782d77696474683a3630656d3b6d61782d6865

2025-05-21 08:31:54,246 - INFO - [38673038] FETCH → LANDING: https://pmc.ncbi.nlm.nih.gov/articles/PMC11051180/pdf/jpm-14-00411.pdf/pdf/
2025-05-21 08:31:54,505 - INFO - [38673038] LANDING STATUS  : 404
2025-05-21 08:31:54,506 - INFO - [38673038] LANDING CT       : text/html; charset=utf-8
2025-05-21 08:31:54,507 - INFO - [38673038] LANDING CL(header): <none>
2025-05-21 08:31:54,508 - INFO - [38673038] LANDING CL(actual): 45676
2025-05-21 08:31:54,508 - INFO - [38673038] LANDING SHA256   : db65cca4adb3bbb835ee76e2e54ff97c4584e70616fb89146d72c4f59698ea4f
2025-05-21 08:31:54,509 - INFO - [38673038] LANDING First256 : 0a0a3c21444f43545950452068746d6c3e0a3c68746d6c206c616e673d22656e22203e0a202020203c68656164203e0a0a20202020202020203c6d65746120636861727365743d225554462d3822202f3e0a20202020202020203c6d65746120687474702d65717569763d22582d55412d436f6d70617469626c652220636f6e74656e743d2249453d6564676522202f3e0a20202020202020203c6d657461206e616d653d2248616e6468656c64467269656e646c792220636f6e74656e743d225472756522202f3e0a20202020202020203c6d657461206e616d653d224d6f62696c654f7074696d697a65642220636f6e74656e743d2233323022202f3e0a

2025-05-21 08:31:54,511 - INFO - [38673038] FETCH → SCIHTML: https://sci-hub.se/10.3390%2Fjpm14040411
2025-05-21 08:31:55,133 - INFO - [38673038] SCIHTML STATUS  : 200
2025-05-21 08:31:55,133 - INFO - [38673038] SCIHTML CT       : text/html; charset=UTF-8
2025-05-21 08:31:55,133 - INFO - [38673038] SCIHTML CL(header): <none>
2025-05-21 08:31:55,134 - INFO - [38673038] SCIHTML CL(actual): 6120
2025-05-21 08:31:55,134 - INFO - [38673038] SCIHTML SHA256   : 1e8931f2f6f5047fef1ac082306ef07e0a90ffcda940412f646ab6217b899ce8
2025-05-21 08:31:55,136 - INFO - [38673038] SCIHTML First256 : 0a3c21444f43545950452068746d6c3e0a3c68746d6c3e0a202020203c686561643e0a20202020202020203c7469746c653e5363692d4875623a2061727469676f206ec3a36f20656e636f6e747261646f3c2f7469746c653e0a20202020202020203c6d65746120636861727365743d225554462d38223e0a20202020202020203c6d657461206e616d653d2276696577706f72742220636f6e74656e743d2277696474683d6465766963652d77696474682c20696e697469616c2d7363616c653d312e30223e0a202020203c2f686561643e0a202020203c626f64793e0a20202020202020203c7374796c652074797065203d2022746578742f637373223e

2025-05-21 08:31:55,148 - INFO - [31274269] FETCH → GOOD: https://pmc.ncbi.nlm.nih.gov/articles/PMC9726462/pdf/kja-22279.pdf
2025-05-21 08:31:55,322 - INFO - [31274269] GOOD STATUS  : 200
2025-05-21 08:31:55,323 - INFO - [31274269] GOOD CT       : text/html; charset=utf-8
2025-05-21 08:31:55,324 - INFO - [31274269] GOOD CL(header): 1285
2025-05-21 08:31:55,325 - INFO - [31274269] GOOD CL(actual): 1285
2025-05-21 08:31:55,325 - INFO - [31274269] GOOD SHA256   : 377a94d189311d82c20350e6f9df14f27d566eb0ee7bed1a7e0c58b269fc4857
2025-05-21 08:31:55,326 - INFO - [31274269] GOOD First256 : 0a0a0a0a3c68746d6c3e0a20203c686561643e0a202020203c6d657461206e616d653d2276696577706f72742220636f6e74656e743d2277696474683d6465766963652d77696474682c20696e697469616c2d7363616c653d312e30223e0a202020203c7469746c653e507265706172696e6720746f20646f776e6c6f6164202e2e2e3c2f7469746c653e0a202020203c7374796c6520747970653d22746578742f637373223e0a202020202020626f64797b666f6e742d73697a653a3172656d3b6c696e652d6865696768743a312e353b7d0a202020202020236d61696e7b77696474683a313030253b6d61782d77696474683a3630656d3b6d61782d6865

2025-05-21 08:31:55,327 - INFO - [31274269] FETCH → LANDING: https://pmc.ncbi.nlm.nih.gov/articles/PMC9726462/pdf/kja-22279.pdf/pdf/
2025-05-21 08:31:55,535 - INFO - [31274269] LANDING STATUS  : 404
2025-05-21 08:31:55,535 - INFO - [31274269] LANDING CT       : text/html; charset=utf-8
2025-05-21 08:31:55,536 - INFO - [31274269] LANDING CL(header): <none>
2025-05-21 08:31:55,537 - INFO - [31274269] LANDING CL(actual): 45676
2025-05-21 08:31:55,537 - INFO - [31274269] LANDING SHA256   : 74986c657be5f0d9cc71ec75b0bd307a070ff7bb7a6f740db03daf6c5d17e6d4
2025-05-21 08:31:55,538 - INFO - [31274269] LANDING First256 : 0a0a3c21444f43545950452068746d6c3e0a3c68746d6c206c616e673d22656e22203e0a202020203c68656164203e0a0a20202020202020203c6d65746120636861727365743d225554462d3822202f3e0a20202020202020203c6d65746120687474702d65717569763d22582d55412d436f6d70617469626c652220636f6e74656e743d2249453d6564676522202f3e0a20202020202020203c6d657461206e616d653d2248616e6468656c64467269656e646c792220636f6e74656e743d225472756522202f3e0a20202020202020203c6d657461206e616d653d224d6f62696c654f7074696d697a65642220636f6e74656e743d2233323022202f3e0a

2025-05-21 08:31:55,539 - INFO - [31274269] FETCH → SCIHTML: https://sci-hub.se/31274269
2025-05-21 08:31:56,028 - INFO - [31274269] SCIHTML STATUS  : 200
2025-05-21 08:31:56,028 - INFO - [31274269] SCIHTML CT       : text/html; charset=UTF-8
2025-05-21 08:31:56,029 - INFO - [31274269] SCIHTML CL(header): <none>
2025-05-21 08:31:56,030 - INFO - [31274269] SCIHTML CL(actual): 40408
2025-05-21 08:31:56,030 - INFO - [31274269] SCIHTML SHA256   : f1faf67428f513abe43b56381709352fbf1e879ef34da0c3a7854c0738368fa6
2025-05-21 08:31:56,031 - INFO - [31274269] SCIHTML First256 : 3c21444f43545950452068746d6c3e0a3c68746d6c206c616e673d227074223e0a202020203c686561643e0a20202020202020203c7469746c653e5363692d4875623a206369c3aa6e636961207061726120746f646f733c2f7469746c653e0a20202020202020203c6d65746120636861727365743d225554462d38223e0a20202020202020203c6d657461206e616d653d2276696577706f72742220636f6e74656e743d2277696474683d6465766963652d77696474682c20696e697469616c2d7363616c653d312e30223e0a20202020202020203c6d657461206e616d653d226465736372697074696f6e2220636f6e74656e743d225369746520646f20

2025-05-21 08:31:56,043 - INFO - [39384309] FETCH → GOOD: https://pmc.ncbi.nlm.nih.gov/articles/PMC12060878/pdf/bmjpo-9-1.pdf
2025-05-21 08:31:56,303 - INFO - [39384309] GOOD STATUS  : 200
2025-05-21 08:31:56,305 - INFO - [39384309] GOOD CT       : text/html; charset=utf-8
2025-05-21 08:31:56,306 - INFO - [39384309] GOOD CL(header): 1284
2025-05-21 08:31:56,307 - INFO - [39384309] GOOD CL(actual): 1284
2025-05-21 08:31:56,307 - INFO - [39384309] GOOD SHA256   : 723a51f92300defe36e4b9f46d4d532bfbfecb96ebe69c40a48536e0f1e7bcf6
2025-05-21 08:31:56,308 - INFO - [39384309] GOOD First256 : 0a0a0a0a3c68746d6c3e0a20203c686561643e0a202020203c6d657461206e616d653d2276696577706f72742220636f6e74656e743d2277696474683d6465766963652d77696474682c20696e697469616c2d7363616c653d312e30223e0a202020203c7469746c653e507265706172696e6720746f20646f776e6c6f6164202e2e2e3c2f7469746c653e0a202020203c7374796c6520747970653d22746578742f637373223e0a202020202020626f64797b666f6e742d73697a653a3172656d3b6c696e652d6865696768743a312e353b7d0a202020202020236d61696e7b77696474683a313030253b6d61782d77696474683a3630656d3b6d61782d6865

2025-05-21 08:31:56,309 - INFO - [39384309] FETCH → LANDING: https://pmc.ncbi.nlm.nih.gov/articles/PMC12060878/pdf/bmjpo-9-1.pdf/pdf/
2025-05-21 08:31:56,503 - INFO - [39384309] LANDING STATUS  : 404
2025-05-21 08:31:56,503 - INFO - [39384309] LANDING CT       : text/html; charset=utf-8
2025-05-21 08:31:56,504 - INFO - [39384309] LANDING CL(header): <none>
2025-05-21 08:31:56,505 - INFO - [39384309] LANDING CL(actual): 45676
2025-05-21 08:31:56,505 - INFO - [39384309] LANDING SHA256   : dc4dac85a6d0bd5f97d981d757f5cc8a03b87556c6795b5e067353266f23c349
2025-05-21 08:31:56,507 - INFO - [39384309] LANDING First256 : 0a0a3c21444f43545950452068746d6c3e0a3c68746d6c206c616e673d22656e22203e0a202020203c68656164203e0a0a20202020202020203c6d65746120636861727365743d225554462d3822202f3e0a20202020202020203c6d65746120687474702d65717569763d22582d55412d436f6d70617469626c652220636f6e74656e743d2249453d6564676522202f3e0a20202020202020203c6d657461206e616d653d2248616e6468656c64467269656e646c792220636f6e74656e743d225472756522202f3e0a20202020202020203c6d657461206e616d653d224d6f62696c654f7074696d697a65642220636f6e74656e743d2233323022202f3e0a

2025-05-21 08:31:56,516 - INFO - [39384309] FETCH → SCIHTML: https://sci-hub.se/10.1136%2Fbmjpo-2024-002824
2025-05-21 08:31:56,749 - INFO - [39384309] SCIHTML STATUS  : 200
2025-05-21 08:31:56,750 - INFO - [39384309] SCIHTML CT       : text/html; charset=UTF-8
2025-05-21 08:31:56,751 - INFO - [39384309] SCIHTML CL(header): <none>
2025-05-21 08:31:56,751 - INFO - [39384309] SCIHTML CL(actual): 6126
2025-05-21 08:31:56,752 - INFO - [39384309] SCIHTML SHA256   : 3e1d8aa94efe50f240ddfc6e1111ffb96b8cb252dad78baae1f7c65feb95efd1
2025-05-21 08:31:56,752 - INFO - [39384309] SCIHTML First256 : 0a3c21444f43545950452068746d6c3e0a3c68746d6c3e0a202020203c686561643e0a20202020202020203c7469746c653e5363692d4875623a2061727469676f206ec3a36f20656e636f6e747261646f3c2f7469746c653e0a20202020202020203c6d65746120636861727365743d225554462d38223e0a20202020202020203c6d657461206e616d653d2276696577706f72742220636f6e74656e743d2277696474683d6465766963652d77696474682c20696e697469616c2d7363616c653d312e30223e0a202020203c2f686561643e0a202020203c626f64793e0a20202020202020203c7374796c652074797065203d2022746578742f637373223e

2025-05-21 08:31:56,759 - INFO - [39068053] FETCH → GOOD: https://jpedasurg.org/article/S0022-3468(24)162046/pdf
2025-05-21 08:31:56,808 - ERROR - [39068053] GOOD ERROR: HTTPSConnectionPool(host='jpedasurg.org', port=443): Max retries exceeded with url: /article/S0022-3468(24)162046/pdf (Caused by NameResolutionError("<urllib3.connection.HTTPSConnection object at 0x000002254FDBE190>: Failed to resolve 'jpedasurg.org' ([Errno 11001] getaddrinfo failed)"))
2025-05-21 08:31:56,809 - INFO - [39068053] FETCH → LANDING: https://pmc.ncbi.nlm.nih.gov/articles/PMChttps://jpedasurg.org/article/S0022-3468(24)162046/pdf/pdf/
2025-05-21 08:31:56,998 - INFO - [39068053] LANDING STATUS  : 404
2025-05-21 08:31:56,999 - INFO - [39068053] LANDING CT       : text/html; charset=utf-8
2025-05-21 08:31:57,000 - INFO - [39068053] LANDING CL(header): <none>
2025-05-21 08:31:57,000 - INFO - [39068053] LANDING CL(actual): 45676
2025-05-21 08:31:57,001 - INFO - [39068053] LANDING SHA256   : dc393c059445d82d1a228f6b04cfbed78dcf454278ab12230dfdaf11b4d9cf14
2025-05-21 08:31:57,003 - INFO - [39068053] LANDING First256 : 0a0a3c21444f43545950452068746d6c3e0a3c68746d6c206c616e673d22656e22203e0a202020203c68656164203e0a0a20202020202020203c6d65746120636861727365743d225554462d3822202f3e0a20202020202020203c6d65746120687474702d65717569763d22582d55412d436f6d70617469626c652220636f6e74656e743d2249453d6564676522202f3e0a20202020202020203c6d657461206e616d653d2248616e6468656c64467269656e646c792220636f6e74656e743d225472756522202f3e0a20202020202020203c6d657461206e616d653d224d6f62696c654f7074696d697a65642220636f6e74656e743d2233323022202f3e0a

2025-05-21 08:31:57,005 - INFO - [39068053] FETCH → SCIHTML: https://sci-hub.se/10.1016%2Fj.jpedsurg.2024.06.021
2025-05-21 08:31:57,253 - INFO - [39068053] SCIHTML STATUS  : 200
2025-05-21 08:31:57,255 - INFO - [39068053] SCIHTML CT       : text/html; charset=UTF-8
2025-05-21 08:31:57,256 - INFO - [39068053] SCIHTML CL(header): <none>
2025-05-21 08:31:57,258 - INFO - [39068053] SCIHTML CL(actual): 6131
2025-05-21 08:31:57,258 - INFO - [39068053] SCIHTML SHA256   : da5429d0b40c56dd8297b635d90e053b2d4d91fcf639e79793cd132a6591bcf2
2025-05-21 08:31:57,260 - INFO - [39068053] SCIHTML First256 : 0a3c21444f43545950452068746d6c3e0a3c68746d6c3e0a202020203c686561643e0a20202020202020203c7469746c653e5363692d4875623a2061727469676f206ec3a36f20656e636f6e747261646f3c2f7469746c653e0a20202020202020203c6d65746120636861727365743d225554462d38223e0a20202020202020203c6d657461206e616d653d2276696577706f72742220636f6e74656e743d2277696474683d6465766963652d77696474682c20696e697469616c2d7363616c653d312e30223e0a202020203c2f686561643e0a202020203c626f64793e0a20202020202020203c7374796c652074797065203d2022746578742f637373223e

2025-05-21 08:31:57,265 - INFO - === DEBUG RUN COMPLETE ===
